20c8 start_logger              160 ---- 2023/04/07 13:30:10.558 -------------------------------------------------
20c8 start_logger              166 Host process is 'cmd.exe' (pid 8392)
20c8 start_logger              170 DLL path is 'C:\Program Files (x86)\clink'
20c8 start_logger              185 Windows version 10.0.19042 (x64)
20c8 start_logger              187 Clink version 1.4.23.5fc3fc (x64)
20c8 hook_setter::hook_setter  159 >>> Started hook transaction.
20c8 hook_setter::attach_iat   316 Attempting to hook SetEnvironmentVariableW in IAT for module 00007FF6DD2B0000.
20c8 pe_info::iterate_imports  159 Found import in 'api-ms-win-core-processenvironment-l1-1-0.dll'
20c8 find_iat                  124 Found import at 00007FF6DD2E3860 (value is 00007FFF332DC370).
20c8 hook_setter::attach_iat   316 Attempting to hook WriteConsoleW in IAT for module 00007FF6DD2B0000.
20c8 pe_info::iterate_imports  159 Found import in 'api-ms-win-core-console-l1-1-0.dll'
20c8 find_iat                  124 Found import at 00007FF6DD2E34F8 (value is 00007FFF332815C0).
20c8 hook_setter::attach_iat   316 Attempting to hook GetEnvironmentVariableW in IAT for module 00007FF6DD2B0000.
20c8 pe_info::iterate_imports  159 Found import in 'api-ms-win-core-processenvironment-l1-1-0.dll'
20c8 find_iat                  124 Found import at 00007FF6DD2E3880 (value is 00007FFF3329AB60).
20c8 hook_setter::commit       207 <<< Hook transaction committed.
20c8 hook_setter::hook_setter  159 >>> Started hook transaction.
20c8 hook_setter::detach_iat   359 Attempting to unhook 00007FFEEE69AF50 from GetEnvironmentVariableW in IAT for module 00007FF6DD2B0000.
20c8 pe_info::iterate_imports  159 Found import in 'api-ms-win-core-processenvironment-l1-1-0.dll'
20c8 find_iat                  124 Found import at 00007FF6DD2E3880 (value is 00007FFEEE69AF50).
20c8 hook_setter::commit       207 <<< Hook transaction committed.
20c8 hook_setter::hook_setter  159 >>> Started hook transaction.
20c8 hook_setter::attach_iat   316 Attempting to hook ReadConsoleW in IAT for module 00007FF6DD2B0000.
20c8 pe_info::iterate_imports  159 Found import in 'api-ms-win-core-console-l1-1-0.dll'
20c8 find_iat                  124 Found import at 00007FF6DD2E34E0 (value is 00007FFF3336E530).
20c8 hook_setter::commit       207 <<< Hook transaction committed.
20c8 hook_setter::hook_setter  159 >>> Started hook transaction.
20c8 hook_setter::attach_iat   316 Attempting to hook SetConsoleTitleW in IAT for module 00007FF6DD2B0000.
20c8 pe_info::iterate_imports  159 Found import in 'api-ms-win-core-console-l2-2-0.dll'
20c8 find_iat                  124 Found import at 00007FF6DD2E3558 (value is 00007FFF332EF490).
20c8 hook_setter::commit       207 <<< Hook transaction committed.
242c inject                    612 ---- 2023/04/07 13:30:11.285 -------------------------------------------------
242c inject                    613 Injecting Clink...
242c is_clink_present          377 Clink already installed in process.
20c8 win_screen_buffer::begin  279 Using native terminal support; found 'Windows build >= 15063, console V2'.
20c8 host_lua::load_scripts    158 Loaded 3 Lua scripts in 874 ms
20c8 ={update.lua}               0 Clink updater: too soon to check for updates (1680531114 vs 1680874212).
20c8 reset_handle              144 resetting mismatched stdout handle
